<?xml version="1.0" encoding="UTF-8"?>
<!-- Generated by org.testng.reporters.JUnitReportReporter -->
<testsuite hostname="QT-INBG-LT1957" failures="0" tests="1" name="introduction.selenium1" time="5.801" errors="0" timestamp="2022-09-16T11:35:16 IST" skipped="0">
  <testcase classname="introduction.selenium1" name="signup" time="5.801"/>
  <system-out/>
</testsuite> <!-- introduction.selenium1 -->
