<?xml version="1.0" encoding="UTF-8"?>
<!-- Generated by org.testng.reporters.JUnitReportReporter -->
<testsuite hostname="QT-INBG-LT1957" failures="0" tests="1" name="introduction.signup1" time="10.608" errors="0" timestamp="2022-09-16T11:39:07 IST" skipped="0">
  <testcase classname="introduction.signup1" name="signup" time="10.608"/>
  <system-out/>
</testsuite> <!-- introduction.signup1 -->
