<?xml version="1.0" encoding="UTF-8"?>
<!-- Generated by org.testng.reporters.JUnitReportReporter -->
<testsuite hostname="QT-INBG-LT1957" failures="0" tests="1" name="introduction.signup" time="10.031" errors="0" timestamp="2022-09-19T09:09:12 IST" skipped="0">
  <testcase classname="introduction.signup" name="signup" time="10.031"/>
  <system-out/>
</testsuite> <!-- introduction.signup -->
