<?xml version="1.0" encoding="UTF-8"?>
<!-- Generated by org.testng.reporters.JUnitReportReporter -->
<testsuite hostname="QT-INBG-LT1957" failures="0" tests="1" name="introduction.signin" time="6.971" errors="0" timestamp="2022-09-19T08:46:39 IST" skipped="0">
  <testcase classname="introduction.signin" name="signin" time="6.971"/>
  <system-out/>
</testsuite> <!-- introduction.signin -->
