<?xml version="1.0" encoding="UTF-8"?>
<!-- Generated by org.testng.reporters.JUnitReportReporter -->
<testsuite hostname="QT-INBG-LT1957" failures="0" tests="1" name="pom.signin" time="8.253" errors="0" timestamp="2022-09-19T17:15:24 IST" skipped="0">
  <testcase classname="pom.signin" name="signin" time="8.253"/>
  <system-out/>
</testsuite> <!-- pom.signin -->
